<?xml version="1.0" encoding="UTF-8"?>
<!-- Generated by org.testng.reporters.JUnitReportReporter -->
<testsuite skipped="0" hostname="DESKTOP-IUTAPCR" name="QAautomation.AutomaionTest" tests="2" failures="0" timestamp="2019-10-04T17:08:25 GST" time="0.002" errors="0">
  <testcase name="BrowserAutomation" time="0.001" classname="QAautomation.AutomaionTest"/>
  <testcase name="elementUi" time="0.001" classname="QAautomation.AutomaionTest"/>
</testsuite> <!-- QAautomation.AutomaionTest -->
